Arguments: 
  /usr/local/bin/node /usr/share/yarn/bin/yarn.js add faker

PATH: 
  /home/niscolinx/.local/bin:/snap/bin:/usr/sandbox/:/usr/local/bin:/usr/bin:/bin:/usr/local/games:/usr/games:/usr/share/games:/usr/local/sbin:/usr/sbin:/sbin:/usr/local/bin:/usr/bin:/bin:/usr/local/games:/usr/games

Yarn version: 
  1.22.5

Node version: 
  14.16.0

Platform: 
  linux x64

Trace: 
  Error: getaddrinfo EAI_AGAIN registry.yarnpkg.com
      at GetAddrInfoReqWrap.onlookup [as oncomplete] (dns.js:67:26)

npm manifest: 
  {
    "name": "learning-typescript",
    "version": "1.0.0",
    "description": "",
    "main": "index.js",
    "scripts": {
      "test": "echo \"Error: no test specified\" && exit 1",
      "watch": "tsc ./src/User.ts",
      "dev": "node ./src/User.js"
    },
    "repository": {
      "type": "git",
      "url": "git+https://github.com/niscolinx-practice/learning-typescript.git"
    },
    "keywords": [],
    "author": "",
    "license": "ISC",
    "bugs": {
      "url": "https://github.com/niscolinx-practice/learning-typescript/issues"
    },
    "homepage": "https://github.com/niscolinx-practice/learning-typescript#readme",
    "dependencies": {
      "@types/faker": "^5.1.7",
      "@types/googlemaps": "^3.43.3",
      "faker": "^5.4.0"
    }
  }

yarn manifest: 
  No manifest

Lockfile: 
  No lockfile
